<?xml version="1.0" encoding="UTF-8"?>
<!-- Generated by org.testng.reporters.JUnitReportReporter -->
<testsuite skipped="0" hostname="HP" name="FrameworkUI_YourStore.FrameworkUI_YourStore.MP3Test" tests="1" failures="0" timestamp="2023-03-22T15:39:25 IST" time="0.633" errors="0">
  <testcase name="verifyMP3PlayerTitleAndText" time="0.633" classname="FrameworkUI_YourStore.FrameworkUI_YourStore.MP3Test"/>
  <system-out/>
</testsuite> <!-- FrameworkUI_YourStore.FrameworkUI_YourStore.MP3Test -->
