<?xml version="1.0" encoding="UTF-8"?>
<!-- Generated by org.testng.reporters.JUnitReportReporter -->
<testsuite skipped="0" hostname="HP" name="FrameworkUI_YourStore.FrameworkUI_YourStore.PhonePDATest" tests="1" failures="0" timestamp="2023-03-20T17:14:45 IST" time="2.607" errors="0">
  <testcase name="verifyPhonePDATitleandText" time="2.607" classname="FrameworkUI_YourStore.FrameworkUI_YourStore.PhonePDATest"/>
  <system-out/>
</testsuite> <!-- FrameworkUI_YourStore.FrameworkUI_YourStore.PhonePDATest -->
